2026-06-03 17:38:12.074  INFO [background-preinit] org.hibernate.validator.internal.util.Version      : HV000001: Hibernate Validator 9.0.1.Final
2026-06-03 17:38:12.133  INFO [main] c.m.m.MarketingAutomationBackendApplicationTests   : Starting MarketingAutomationBackendApplicationTests using Java 17.0.12 with PID 3836 (started by Medplus in D:\RohitWorkspace\prod\marketing-automation\marketing-automation-backend)
2026-06-03 17:38:12.135 DEBUG [main] c.m.m.MarketingAutomationBackendApplicationTests   : Running with Spring Boot v4.0.5, Spring v7.0.6
2026-06-03 17:38:12.136  INFO [main] c.m.m.MarketingAutomationBackendApplicationTests   : No active profile set, falling back to 1 default profile: "default"
2026-06-03 17:38:13.542  INFO [main] o.s.d.r.config.RepositoryConfigurationDelegate     : Bootstrapping Spring Data JDBC repositories in DEFAULT mode.
2026-06-03 17:38:13.579  INFO [main] o.s.d.r.config.RepositoryConfigurationDelegate     : Finished Spring Data repository scanning in 28 ms. Found 0 JDBC repository interfaces.
2026-06-03 17:38:15.341  INFO [main] $InitializeAuthenticationProviderManagerConfigurer : Global AuthenticationManager configured with AuthenticationProvider bean with name authenticationProvider
2026-06-03 17:38:15.342  WARN [main] rConfigurer$InitializeUserDetailsManagerConfigurer : Global AuthenticationManager configured with an AuthenticationProvider bean. UserDetailsService beans will not be used by Spring Security for automatically configuring username/password login. Consider removing the AuthenticationProvider bean. Alternatively, consider using the UserDetailsService in a manually instantiated DaoAuthenticationProvider. If the current configuration is intentional, to turn off this warning, increase the logging level of 'org.springframework.security.config.annotation.authentication.configuration.InitializeUserDetailsBeanManagerConfigurer' to ERROR
2026-06-03 17:38:16.878  INFO [main] o.s.b.actuate.endpoint.web.EndpointLinksResolver   : Exposing 1 endpoint beneath base path '/actuator'
2026-06-03 17:38:16.978  INFO [main] o.s.m.simp.broker.SimpleBrokerMessageHandler       : Starting...
2026-06-03 17:38:16.979  INFO [main] o.s.m.simp.broker.SimpleBrokerMessageHandler       : BrokerAvailabilityEvent[available=true, SimpleBrokerMessageHandler [org.springframework.messaging.simp.broker.DefaultSubscriptionRegistry@2f6d8c9]]
2026-06-03 17:38:16.980  INFO [main] o.s.m.simp.broker.SimpleBrokerMessageHandler       : Started.
2026-06-03 17:38:16.988  INFO [main] c.m.m.MarketingAutomationBackendApplicationTests   : Started MarketingAutomationBackendApplicationTests in 5.303 seconds (process running for 6.806)
2026-06-03 17:38:17.111  INFO [main] c.m.m.config.FlywaySchemaRepairRunner              : FlywaySchemaRepairRunner: approvals_log action_taken ENUM extended (HELD/UNHOLD/CANCELLED).
2026-06-03 17:38:17.144  INFO [main] c.m.m.config.FlywaySchemaRepairRunner              : FlywaySchemaRepairRunner: campaigns status ENUM extended to include MANAGER_QC_REVIEW and REQUESTOR_QC_REVIEW.
2026-06-03 17:38:17.198  INFO [main] c.m.m.config.FlywaySchemaRepairRunner              : FlywaySchemaRepairRunner: work_tasks status ENUM extended to include MANAGER_QC_REVIEW and REQUESTOR_QC_REVIEW.
2026-06-03 17:38:17.320  INFO [main] c.m.m.config.FlywaySchemaRepairRunner              : FlywaySchemaRepairRunner: ensured role_task_mapping for TASK-AUTO-CONTENT (roles 4, 5).
2026-06-03 17:38:17.335  INFO [main] c.m.m.config.FlywaySchemaRepairRunner              : FlywaySchemaRepairRunner: notifications columns → reference_id=true, status=true
2026-06-03 17:38:17.409  INFO [main] c.m.m.config.FlywaySchemaRepairRunner              : FlywaySchemaRepairRunner: notification tables and seed data ensured.
2026-06-03 17:38:17.426  INFO [main] c.m.m.config.FlywaySchemaRepairRunner              : FlywaySchemaRepairRunner: Campaign Specification tables ensured.
2026-06-03 17:38:17.466  INFO [main] c.m.m.config.FlywaySchemaRepairRunner              : FlywaySchemaRepairRunner: Campaign Specification seed data ensured.
2026-06-03 17:38:17.469  INFO [main] c.m.m.config.FlywaySchemaRepairRunner              : FlywaySchemaRepairRunner: campaign_task_config table ensured.
2026-06-03 17:38:17.726  INFO [main] org.flywaydb.core.FlywayExecutor                   : Database: jdbc:mysql://localhost:3306/marketing_automation_prod?createDatabaseIfNotExist=true&useSSL=false&allowPublicKeyRetrieval=true&serverTimezone=Asia/Kolkata (MySQL 8.0)
2026-06-03 17:38:17.822  INFO [main] org.flywaydb.core.internal.command.DbMigrate       : Current version of schema `marketing_automation_prod`: 10
2026-06-03 17:38:17.827  INFO [main] org.flywaydb.core.internal.command.DbMigrate       : Schema `marketing_automation_prod` is up to date. No migration necessary.
2026-06-03 17:38:17.832  INFO [main] c.m.m.config.FlywaySchemaRepairRunner              : FlywaySchemaRepairRunner: safety-net flyway().migrate() complete.
2026-06-03 17:38:17.846  INFO [main] c.m.m.config.DataInitializer                       : Default admin user already exists (admin@medplus.com)
2026-06-03 17:38:17.849  INFO [main] c.m.m.config.ActiveTaskCountReconciler             : ActiveTaskCountReconciler: realigned current_active_tasks for 52 user row(s).
2026-06-03 17:38:18.833  INFO [SpringApplicationShutdownHook] o.s.m.simp.broker.SimpleBrokerMessageHandler       : Stopping...
2026-06-03 17:38:18.834  INFO [SpringApplicationShutdownHook] o.s.m.simp.broker.SimpleBrokerMessageHandler       : BrokerAvailabilityEvent[available=false, SimpleBrokerMessageHandler [org.springframework.messaging.simp.broker.DefaultSubscriptionRegistry@2f6d8c9]]
2026-06-03 17:38:18.834  INFO [SpringApplicationShutdownHook] o.s.m.simp.broker.SimpleBrokerMessageHandler       : Stopped.
